Running iteration 1...
------------------------DyCuckoo------------------------
Total elements: 100000000
Insert Time = 167.718 ms | Throughput = 596.24 M ops/sec
Search Time = 47.297 ms | Throughput = 2114.29 M ops/sec
Delete Time = 46.002 ms | Throughput = 2173.81 M ops/sec
Iteration 1 completed.
-----------------------------
Running iteration 2...
------------------------DyCuckoo------------------------
Total elements: 100000000
Insert Time = 167.800 ms | Throughput = 595.95 M ops/sec
Search Time = 47.420 ms | Throughput = 2108.80 M ops/sec
Delete Time = 46.012 ms | Throughput = 2173.33 M ops/sec
Iteration 2 completed.
-----------------------------
Running iteration 3...
------------------------DyCuckoo------------------------
Total elements: 100000000
Insert Time = 167.886 ms | Throughput = 595.64 M ops/sec
Search Time = 47.383 ms | Throughput = 2110.44 M ops/sec
Delete Time = 46.014 ms | Throughput = 2173.23 M ops/sec
Iteration 3 completed.
-----------------------------
Running iteration 4...
------------------------DyCuckoo------------------------
Total elements: 100000000
Insert Time = 168.066 ms | Throughput = 595.00 M ops/sec
Search Time = 47.374 ms | Throughput = 2110.85 M ops/sec
Delete Time = 46.058 ms | Throughput = 2171.16 M ops/sec
Iteration 4 completed.
-----------------------------
Running iteration 5...
------------------------DyCuckoo------------------------
Total elements: 100000000
Insert Time = 167.757 ms | Throughput = 596.10 M ops/sec
Search Time = 47.190 ms | Throughput = 2119.09 M ops/sec
Delete Time = 46.149 ms | Throughput = 2166.91 M ops/sec
Iteration 5 completed.
-----------------------------
