Running iteration 1...
------------------------DyCuckoo------------------------
Total elements: 100000000
Insert Time = 167.968 ms | Throughput = 595.35 M ops/sec
Search Time = 47.141 ms | Throughput = 2121.30 M ops/sec
Delete Time = 46.038 ms | Throughput = 2172.12 M ops/sec
Iteration 1 completed.
-----------------------------
Running iteration 2...
------------------------DyCuckoo------------------------
Total elements: 100000000
Insert Time = 168.018 ms | Throughput = 595.17 M ops/sec
Search Time = 47.259 ms | Throughput = 2116.02 M ops/sec
Delete Time = 46.006 ms | Throughput = 2173.62 M ops/sec
Iteration 2 completed.
-----------------------------
Running iteration 3...
------------------------DyCuckoo------------------------
Total elements: 100000000
Insert Time = 167.914 ms | Throughput = 595.54 M ops/sec
Search Time = 47.085 ms | Throughput = 2123.84 M ops/sec
Delete Time = 46.114 ms | Throughput = 2168.55 M ops/sec
Iteration 3 completed.
-----------------------------
Running iteration 4...
------------------------DyCuckoo------------------------
Total elements: 100000000
Insert Time = 167.800 ms | Throughput = 595.95 M ops/sec
Search Time = 47.289 ms | Throughput = 2114.64 M ops/sec
Delete Time = 46.024 ms | Throughput = 2172.80 M ops/sec
Iteration 4 completed.
-----------------------------
Running iteration 5...
------------------------DyCuckoo------------------------
Total elements: 100000000
Insert Time = 168.109 ms | Throughput = 594.85 M ops/sec
Search Time = 47.257 ms | Throughput = 2116.11 M ops/sec
Delete Time = 45.960 ms | Throughput = 2175.81 M ops/sec
Iteration 5 completed.
-----------------------------
