Running iteration 1...
------------------------DyCuckoo------------------------
Total elements: 100000000
Insert Time = 169.360 ms | Throughput = 590.46 M ops/sec
Search Time = 47.259 ms | Throughput = 2115.98 M ops/sec
Delete Time = 46.312 ms | Throughput = 2159.26 M ops/sec
Iteration 1 completed.
-----------------------------
Running iteration 2...
------------------------DyCuckoo------------------------
Total elements: 100000000
Insert Time = 169.446 ms | Throughput = 590.16 M ops/sec
Search Time = 47.373 ms | Throughput = 2110.89 M ops/sec
Delete Time = 46.249 ms | Throughput = 2162.20 M ops/sec
Iteration 2 completed.
-----------------------------
Running iteration 3...
------------------------DyCuckoo------------------------
Total elements: 100000000
Insert Time = 169.346 ms | Throughput = 590.51 M ops/sec
Search Time = 47.015 ms | Throughput = 2126.98 M ops/sec
Delete Time = 46.366 ms | Throughput = 2156.77 M ops/sec
Iteration 3 completed.
-----------------------------
Running iteration 4...
------------------------DyCuckoo------------------------
Total elements: 100000000
Insert Time = 169.302 ms | Throughput = 590.66 M ops/sec
Search Time = 72.366 ms | Throughput = 1381.86 M ops/sec
Delete Time = 105.626 ms | Throughput = 946.74 M ops/sec
Iteration 4 completed.
-----------------------------
Running iteration 5...
------------------------DyCuckoo------------------------
Total elements: 100000000
Insert Time = 169.262 ms | Throughput = 590.80 M ops/sec
Search Time = 47.072 ms | Throughput = 2124.39 M ops/sec
Delete Time = 46.358 ms | Throughput = 2157.15 M ops/sec
Iteration 5 completed.
-----------------------------
