Running iteration 1...
------------------------DyCuckoo------------------------
Total elements: 50000000
Insert Time = 83.959 ms | Throughput = 595.53 M ops/sec
Search Time = 22.992 ms | Throughput = 2174.68 M ops/sec
Delete Time = 22.502 ms | Throughput = 2221.99 M ops/sec
Iteration 1 completed.
-----------------------------
Running iteration 2...
------------------------DyCuckoo------------------------
Total elements: 50000000
Insert Time = 84.118 ms | Throughput = 594.41 M ops/sec
Search Time = 22.993 ms | Throughput = 2174.58 M ops/sec
Delete Time = 22.492 ms | Throughput = 2223.02 M ops/sec
Iteration 2 completed.
-----------------------------
Running iteration 3...
------------------------DyCuckoo------------------------
Total elements: 50000000
Insert Time = 84.013 ms | Throughput = 595.14 M ops/sec
Search Time = 22.999 ms | Throughput = 2174.00 M ops/sec
Delete Time = 22.460 ms | Throughput = 2226.15 M ops/sec
Iteration 3 completed.
-----------------------------
Running iteration 4...
------------------------DyCuckoo------------------------
Total elements: 50000000
Insert Time = 84.061 ms | Throughput = 594.80 M ops/sec
Search Time = 23.006 ms | Throughput = 2173.30 M ops/sec
Delete Time = 22.437 ms | Throughput = 2228.48 M ops/sec
Iteration 4 completed.
-----------------------------
Running iteration 5...
------------------------DyCuckoo------------------------
Total elements: 50000000
Insert Time = 83.991 ms | Throughput = 595.30 M ops/sec
Search Time = 23.025 ms | Throughput = 2171.57 M ops/sec
Delete Time = 22.571 ms | Throughput = 2215.22 M ops/sec
Iteration 5 completed.
-----------------------------
